<?xml version="1.0" encoding="UTF-8"?>
<testng-results ignored="0" total="1" passed="1" failed="0" skipped="0">
  <reporter-output>
  </reporter-output>
  <suite started-at="2023-10-30T09:36:50 EET" name="Default suite" finished-at="2023-10-30T09:36:53 EET" duration-ms="2671">
    <groups>
    </groups>
    <test started-at="2023-10-30T09:36:50 EET" name="Default test" finished-at="2023-10-30T09:36:53 EET" duration-ms="2671">
      <class name="tests.CrudExamples">
        <test-method is-config="true" signature="setup()[pri:0, instance:tests.CrudExamples@55634720]" started-at="2023-10-30T09:36:50 EET" name="setup" finished-at="2023-10-30T09:36:51 EET" duration-ms="632" status="PASS">
          <reporter-output>
          </reporter-output>
        </test-method> <!-- setup -->
        <test-method signature="postATodoMessage()[pri:1, instance:tests.CrudExamples@55634720]" started-at="2023-10-30T09:36:51 EET" name="postATodoMessage" finished-at="2023-10-30T09:36:53 EET" duration-ms="1998" status="PASS">
          <reporter-output>
          </reporter-output>
        </test-method> <!-- postATodoMessage -->
      </class> <!-- tests.CrudExamples -->
    </test> <!-- Default test -->
  </suite> <!-- Default suite -->
</testng-results>
